<?xml version="1.0" encoding="UTF-8"?>
<testng-results skipped="0" failed="0" ignored="0" total="8" passed="8">
  <reporter-output>
  </reporter-output>
  <suite name="MavenTest" duration-ms="91" started-at="2020-08-05T06:17:26Z" finished-at="2020-08-05T06:17:26Z">
    <groups>
    </groups>
    <test name="MavenTestExecution" duration-ms="91" started-at="2020-08-05T06:17:26Z" finished-at="2020-08-05T06:17:26Z">
      <class name="DemoTestTwo">
        <test-method status="PASS" signature="divide()[pri:0, instance:DemoTestTwo@3d8c7aca]" name="divide" duration-ms="0" started-at="2020-08-05T06:17:26Z" finished-at="2020-08-05T06:17:26Z">
          <reporter-output>
          </reporter-output>
        </test-method> <!-- divide -->
        <test-method status="PASS" signature="minus()[pri:0, instance:DemoTestTwo@3d8c7aca]" name="minus" duration-ms="0" started-at="2020-08-05T06:17:26Z" finished-at="2020-08-05T06:17:26Z">
          <reporter-output>
          </reporter-output>
        </test-method> <!-- minus -->
        <test-method status="PASS" signature="multiply()[pri:0, instance:DemoTestTwo@3d8c7aca]" name="multiply" duration-ms="0" started-at="2020-08-05T06:17:26Z" finished-at="2020-08-05T06:17:26Z">
          <reporter-output>
          </reporter-output>
        </test-method> <!-- multiply -->
        <test-method status="PASS" signature="sum()[pri:0, instance:DemoTestTwo@3d8c7aca]" name="sum" duration-ms="2" started-at="2020-08-05T06:17:26Z" finished-at="2020-08-05T06:17:26Z">
          <reporter-output>
          </reporter-output>
        </test-method> <!-- sum -->
      </class> <!-- DemoTestTwo -->
      <class name="DemoTest">
        <test-method status="PASS" signature="divide()[pri:0, instance:DemoTest@1a407d53]" name="divide" duration-ms="20" started-at="2020-08-05T06:17:26Z" finished-at="2020-08-05T06:17:26Z">
          <reporter-output>
          </reporter-output>
        </test-method> <!-- divide -->
        <test-method status="PASS" signature="minus()[pri:0, instance:DemoTest@1a407d53]" name="minus" duration-ms="0" started-at="2020-08-05T06:17:26Z" finished-at="2020-08-05T06:17:26Z">
          <reporter-output>
          </reporter-output>
        </test-method> <!-- minus -->
        <test-method status="PASS" signature="multiply()[pri:0, instance:DemoTest@1a407d53]" name="multiply" duration-ms="5" started-at="2020-08-05T06:17:26Z" finished-at="2020-08-05T06:17:26Z">
          <reporter-output>
          </reporter-output>
        </test-method> <!-- multiply -->
        <test-method status="PASS" signature="sum()[pri:0, instance:DemoTest@1a407d53]" name="sum" duration-ms="0" started-at="2020-08-05T06:17:26Z" finished-at="2020-08-05T06:17:26Z">
          <reporter-output>
          </reporter-output>
        </test-method> <!-- sum -->
      </class> <!-- DemoTest -->
    </test> <!-- MavenTestExecution -->
  </suite> <!-- MavenTest -->
</testng-results>
