<?xml version="1.0" encoding="UTF-8"?>
<!-- Generated by org.testng.reporters.JUnitXMLReporter -->
<testsuite hostname="Amals-MacBook-Air.local" tests="1" failures="1" timestamp="3 Oct 2020 17:24:29 GMT" time="0.069" errors="0">
  <testcase name="openBrowser" time="0.028" classname="takeScreenShot">
    <failure type="java.lang.NullPointerException">
      <![CDATA[java.lang.NullPointerException
	at takeScreenShot.openBrowser(takeScreenShot.java:20)
... Removed 24 stack frames]]>
    </failure>
  </testcase> <!-- openBrowser -->
</testsuite>
